<?xml version="1.0" encoding="UTF-8"?>
<testng-results ignored="0" total="2" passed="2" failed="0" skipped="0">
  <reporter-output>
  </reporter-output>
  <suite started-at="2022-06-09T02:08:43 IST" name="Default suite" finished-at="2022-06-09T02:08:47 IST" duration-ms="3384">
    <groups>
    </groups>
    <test started-at="2022-06-09T02:08:43 IST" name="Default test" finished-at="2022-06-09T02:08:47 IST" duration-ms="3384">
      <class name="tests.putanddelete">
        <test-method signature="deletetest()[pri:0, instance:tests.putanddelete@73700b80]" started-at="2022-06-09T02:08:43 IST" name="deletetest" finished-at="2022-06-09T02:08:46 IST" duration-ms="2849" status="PASS">
          <reporter-output>
          </reporter-output>
        </test-method> <!-- deletetest -->
        <test-method signature="testput()[pri:0, instance:tests.putanddelete@73700b80]" started-at="2022-06-09T02:08:46 IST" name="testput" finished-at="2022-06-09T02:08:47 IST" duration-ms="474" status="PASS">
          <reporter-output>
          </reporter-output>
        </test-method> <!-- testput -->
      </class> <!-- tests.putanddelete -->
    </test> <!-- Default test -->
  </suite> <!-- Default suite -->
</testng-results>
